0 verbose cli C:\Program Files\node.exe C:\Program Files\node_modules\npm\bin\npm-cli.js
1 info using npm@10.9.2
2 info using node@v22.15.1
3 silly config load:file:C:\Program Files\node_modules\npm\npmrc
4 silly config load:file:C:\Users\Usuário\.npmrc
5 silly config load:file:C:\Users\Usuário\AppData\Roaming\npm\etc\npmrc
6 verbose title npm install json-server
7 verbose argv "install" "--global" "json-server"
8 verbose logfile logs-max:10 dir:C:\Users\Usuário\Documents\EBAC\python\Introdução ao Redux com React\redux-ebac\ebac_games_redux\UsersDESKTOP-U9J66QUAppDataLocalnpm-cache\_logs\2025-06-12T18_39_42_727Z-
9 verbose logfile C:\Users\Usuário\Documents\EBAC\python\Introdução ao Redux com React\redux-ebac\ebac_games_redux\UsersDESKTOP-U9J66QUAppDataLocalnpm-cache\_logs\2025-06-12T18_39_42_727Z-debug-0.log
10 silly packumentCache heap:4345298944 maxSize:1086324736 maxEntrySize:543162368
11 silly logfile start cleaning logs, removing 1 files
12 silly logfile done cleaning log files
13 silly idealTree buildDeps
14 silly fetch manifest json-server@*
15 silly packumentCache full:https://registry.npmjs.org/json-server cache-miss
16 http fetch GET 200 https://registry.npmjs.org/json-server 672ms (cache revalidated)
17 silly packumentCache full:https://registry.npmjs.org/json-server set size:371164 disposed:false
18 silly placeDep ROOT json-server@1.0.0-beta.3 OK for:  want: *
19 silly fetch manifest @tinyhttp/app@^2.4.0
20 silly packumentCache full:https://registry.npmjs.org/@tinyhttp%2fapp cache-miss
21 silly fetch manifest @tinyhttp/cors@^2.0.1
22 silly packumentCache full:https://registry.npmjs.org/@tinyhttp%2fcors cache-miss
23 silly fetch manifest @tinyhttp/logger@^2.0.0
24 silly packumentCache full:https://registry.npmjs.org/@tinyhttp%2flogger cache-miss
25 silly fetch manifest chalk@^5.3.0
26 silly packumentCache full:https://registry.npmjs.org/chalk cache-miss
27 silly fetch manifest chokidar@^4.0.1
28 silly packumentCache full:https://registry.npmjs.org/chokidar cache-miss
29 silly fetch manifest dot-prop@^9.0.0
30 silly packumentCache full:https://registry.npmjs.org/dot-prop cache-miss
31 silly fetch manifest eta@^3.5.0
32 silly packumentCache full:https://registry.npmjs.org/eta cache-miss
33 http fetch GET 200 https://registry.npmjs.org/chalk 244ms (cache revalidated)
34 silly packumentCache full:https://registry.npmjs.org/chalk set size:122561 disposed:false
35 silly fetch manifest inflection@^3.0.0
36 silly packumentCache full:https://registry.npmjs.org/inflection cache-miss
37 http fetch GET 200 https://registry.npmjs.org/eta 264ms (cache revalidated)
38 silly packumentCache full:https://registry.npmjs.org/eta set size:291768 disposed:false
39 silly fetch manifest json5@^2.2.3
40 silly packumentCache full:https://registry.npmjs.org/json5 cache-miss
41 http fetch GET 200 https://registry.npmjs.org/chokidar 272ms (cache revalidated)
42 silly packumentCache full:https://registry.npmjs.org/chokidar set size:253451 disposed:false
43 silly fetch manifest lowdb@^7.0.1
44 silly packumentCache full:https://registry.npmjs.org/lowdb cache-miss
45 http fetch GET 200 https://registry.npmjs.org/dot-prop 305ms (cache revalidated)
46 silly packumentCache full:https://registry.npmjs.org/dot-prop set size:68929 disposed:false
47 silly fetch manifest milliparsec@^4.0.0
48 silly packumentCache full:https://registry.npmjs.org/milliparsec cache-miss
49 http fetch GET 200 https://registry.npmjs.org/lowdb 80ms (cache revalidated)
50 silly packumentCache full:https://registry.npmjs.org/lowdb set size:183709 disposed:false
51 silly fetch manifest sirv@^2.0.4
52 silly packumentCache full:https://registry.npmjs.org/sirv cache-miss
53 http fetch GET 200 https://registry.npmjs.org/inflection 126ms (cache revalidated)
54 silly packumentCache full:https://registry.npmjs.org/inflection set size:110389 disposed:false
55 silly fetch manifest sort-on@^6.1.0
56 silly packumentCache full:https://registry.npmjs.org/sort-on cache-miss
57 http fetch GET 200 https://registry.npmjs.org/json5 112ms (cache revalidated)
58 silly packumentCache full:https://registry.npmjs.org/json5 set size:86136 disposed:false
59 http fetch GET 200 https://registry.npmjs.org/milliparsec 94ms (cache revalidated)
60 silly packumentCache full:https://registry.npmjs.org/milliparsec set size:81499 disposed:false
61 http fetch GET 200 https://registry.npmjs.org/sirv 74ms (cache revalidated)
62 silly packumentCache full:https://registry.npmjs.org/sirv set size:117550 disposed:false
63 http fetch GET 200 https://registry.npmjs.org/sort-on 73ms (cache revalidated)
64 silly packumentCache full:https://registry.npmjs.org/sort-on set size:37321 disposed:false
65 http fetch GET https://registry.npmjs.org/@tinyhttp%2fcors attempt 1 failed with 504
66 http fetch GET https://registry.npmjs.org/@tinyhttp%2flogger attempt 1 failed with 504
67 http fetch GET https://registry.npmjs.org/@tinyhttp%2fapp attempt 1 failed with 502
68 http fetch GET https://registry.npmjs.org/@tinyhttp%2fcors attempt 2 failed with 504
69 http fetch GET https://registry.npmjs.org/@tinyhttp%2fapp attempt 2 failed with 504
70 http fetch GET https://registry.npmjs.org/@tinyhttp%2flogger attempt 2 failed with 502
71 http fetch GET 200 https://registry.npmjs.org/@tinyhttp%2fcors 110104ms attempt #3 (cache updated)
72 silly packumentCache full:https://registry.npmjs.org/@tinyhttp%2fcors set size:176845 disposed:false
73 http fetch GET 200 https://registry.npmjs.org/@tinyhttp%2fapp 146057ms attempt #3 (cache updated)
74 silly packumentCache full:https://registry.npmjs.org/@tinyhttp%2fapp set size:849566 disposed:false
75 http fetch GET https://registry.npmjs.org/@tinyhttp%2flogger attempt 3 failed with 502
76 http fetch GET 502 https://registry.npmjs.org/@tinyhttp%2flogger 180018ms attempt #3 (cache skip)
77 silly fetch manifest @tinyhttp/logger@^2.0.0
78 silly packumentCache full:https://registry.npmjs.org/@tinyhttp%2flogger cache-miss
79 http fetch GET https://registry.npmjs.org/@tinyhttp%2flogger attempt 1 failed with 504
80 http fetch GET https://registry.npmjs.org/@tinyhttp%2flogger attempt 2 failed with 504
81 http fetch GET https://registry.npmjs.org/@tinyhttp%2flogger attempt 3 failed with 504
82 http fetch GET 504 https://registry.npmjs.org/@tinyhttp%2flogger 135227ms attempt #3 (cache skip)
83 silly placeDep node_modules/json-server @tinyhttp/app@2.5.2 OK for: json-server@1.0.0-beta.3 want: ^2.4.0
84 silly placeDep node_modules/json-server @tinyhttp/cors@2.0.1 OK for: json-server@1.0.0-beta.3 want: ^2.0.1
85 silly placeDep node_modules/json-server @tinyhttp/logger@ OK for: json-server@1.0.0-beta.3 want: ^2.0.0
86 silly placeDep node_modules/json-server chalk@5.4.1 OK for: json-server@1.0.0-beta.3 want: ^5.3.0
87 silly placeDep node_modules/json-server chokidar@4.0.3 OK for: json-server@1.0.0-beta.3 want: ^4.0.1
88 silly placeDep node_modules/json-server dot-prop@9.0.0 OK for: json-server@1.0.0-beta.3 want: ^9.0.0
89 silly placeDep node_modules/json-server eta@3.5.0 OK for: json-server@1.0.0-beta.3 want: ^3.5.0
90 silly placeDep node_modules/json-server inflection@3.0.2 OK for: json-server@1.0.0-beta.3 want: ^3.0.0
91 silly placeDep node_modules/json-server json5@2.2.3 OK for: json-server@1.0.0-beta.3 want: ^2.2.3
92 silly placeDep node_modules/json-server lowdb@7.0.1 OK for: json-server@1.0.0-beta.3 want: ^7.0.1
93 silly placeDep node_modules/json-server milliparsec@4.0.0 OK for: json-server@1.0.0-beta.3 want: ^4.0.0
94 silly placeDep node_modules/json-server sirv@2.0.4 OK for: json-server@1.0.0-beta.3 want: ^2.0.4
95 silly placeDep node_modules/json-server sort-on@6.1.0 OK for: json-server@1.0.0-beta.3 want: ^6.1.0
96 silly fetch manifest header-range-parser@1.1.3
97 silly packumentCache full:https://registry.npmjs.org/header-range-parser cache-miss
98 silly fetch manifest regexparam@^2.0.2
99 silly packumentCache full:https://registry.npmjs.org/regexparam cache-miss
100 silly fetch manifest @tinyhttp/cookie@2.1.1
101 silly packumentCache full:https://registry.npmjs.org/@tinyhttp%2fcookie cache-miss
102 silly fetch manifest @tinyhttp/proxy-addr@2.2.1
103 silly packumentCache full:https://registry.npmjs.org/@tinyhttp%2fproxy-addr cache-miss
104 silly fetch manifest @tinyhttp/req@2.2.5
105 silly packumentCache full:https://registry.npmjs.org/@tinyhttp%2freq cache-miss
106 silly fetch manifest @tinyhttp/res@2.2.5
107 silly packumentCache full:https://registry.npmjs.org/@tinyhttp%2fres cache-miss
108 silly fetch manifest @tinyhttp/router@2.2.3
109 silly packumentCache full:https://registry.npmjs.org/@tinyhttp%2frouter cache-miss
110 http fetch GET 200 https://registry.npmjs.org/regexparam 767ms (cache revalidated)
111 silly packumentCache full:https://registry.npmjs.org/regexparam set size:43837 disposed:false
112 silly fetch manifest @tinyhttp/vary@^0.1.3
113 silly packumentCache full:https://registry.npmjs.org/@tinyhttp%2fvary cache-miss
114 http fetch GET 200 https://registry.npmjs.org/header-range-parser 790ms (cache revalidated)
115 silly packumentCache full:https://registry.npmjs.org/header-range-parser set size:41786 disposed:false
116 silly fetch manifest readdirp@^4.0.1
117 silly packumentCache full:https://registry.npmjs.org/readdirp cache-miss
118 http fetch GET 200 https://registry.npmjs.org/readdirp 73ms (cache revalidated)
119 silly packumentCache full:https://registry.npmjs.org/readdirp set size:105089 disposed:false
120 silly fetch manifest type-fest@^4.18.2
121 silly packumentCache full:https://registry.npmjs.org/type-fest cache-miss
122 http fetch GET 200 https://registry.npmjs.org/type-fest 104ms (cache revalidated)
123 silly packumentCache full:https://registry.npmjs.org/type-fest set size:526878 disposed:false
124 silly fetch manifest steno@^4.0.2
125 silly packumentCache full:https://registry.npmjs.org/steno cache-miss
126 http fetch GET 200 https://registry.npmjs.org/steno 140ms (cache revalidated)
127 silly packumentCache full:https://registry.npmjs.org/steno set size:47413 disposed:false
128 silly fetch manifest mrmime@^2.0.0
129 silly packumentCache full:https://registry.npmjs.org/mrmime cache-miss
130 http fetch GET 200 https://registry.npmjs.org/mrmime 158ms (cache revalidated)
131 silly packumentCache full:https://registry.npmjs.org/mrmime set size:17044 disposed:false
132 silly fetch manifest totalist@^3.0.0
133 silly packumentCache full:https://registry.npmjs.org/totalist cache-miss
134 http fetch GET 200 https://registry.npmjs.org/totalist 134ms (cache revalidated)
135 silly packumentCache full:https://registry.npmjs.org/totalist set size:22268 disposed:false
136 silly fetch manifest @polka/url@^1.0.0-next.24
137 silly packumentCache full:https://registry.npmjs.org/@polka%2furl cache-miss
138 http fetch GET 200 https://registry.npmjs.org/@tinyhttp%2frouter 10149ms (cache updated)
139 silly packumentCache full:https://registry.npmjs.org/@tinyhttp%2frouter set size:143880 disposed:false
140 http fetch GET 200 https://registry.npmjs.org/@tinyhttp%2fres 13707ms (cache revalidated)
141 silly packumentCache full:https://registry.npmjs.org/@tinyhttp%2fres set size:283765 disposed:false
142 http fetch GET 200 https://registry.npmjs.org/@tinyhttp%2fcookie 14558ms (cache revalidated)
143 silly packumentCache full:https://registry.npmjs.org/@tinyhttp%2fcookie set size:196788 disposed:false
144 http fetch GET https://registry.npmjs.org/@tinyhttp%2freq attempt 1 failed with 504
145 http fetch GET https://registry.npmjs.org/@tinyhttp%2fvary attempt 1 failed with 504
146 http fetch GET https://registry.npmjs.org/@tinyhttp%2fproxy-addr attempt 1 failed with 504
147 http fetch GET 200 https://registry.npmjs.org/@polka%2furl 27679ms (cache updated)
148 silly packumentCache full:https://registry.npmjs.org/@polka%2furl set size:42587 disposed:false
149 http fetch GET 200 https://registry.npmjs.org/@tinyhttp%2fproxy-addr 35841ms (cache revalidated)
150 silly packumentCache full:https://registry.npmjs.org/@tinyhttp%2fproxy-addr set size:91929 disposed:false
151 http fetch GET 200 https://registry.npmjs.org/@tinyhttp%2fvary 39881ms (cache revalidated)
152 silly packumentCache full:https://registry.npmjs.org/@tinyhttp%2fvary set size:5175 disposed:false
153 http fetch GET 200 https://registry.npmjs.org/@tinyhttp%2freq 50113ms attempt #2 (cache updated)
154 silly packumentCache full:https://registry.npmjs.org/@tinyhttp%2freq set size:177337 disposed:false
155 silly placeDep node_modules/json-server @tinyhttp/cookie@2.1.1 OK for: @tinyhttp/app@2.5.2 want: 2.1.1
156 silly placeDep node_modules/json-server @tinyhttp/proxy-addr@2.2.1 OK for: @tinyhttp/app@2.5.2 want: 2.2.1
157 silly placeDep node_modules/json-server @tinyhttp/req@2.2.5 OK for: @tinyhttp/app@2.5.2 want: 2.2.5
158 silly placeDep node_modules/json-server @tinyhttp/res@2.2.5 OK for: @tinyhttp/app@2.5.2 want: 2.2.5
159 silly placeDep node_modules/json-server @tinyhttp/router@2.2.3 OK for: @tinyhttp/app@2.5.2 want: 2.2.3
160 silly placeDep node_modules/json-server header-range-parser@1.1.3 OK for: @tinyhttp/app@2.5.2 want: 1.1.3
161 silly placeDep node_modules/json-server regexparam@2.0.2 OK for: @tinyhttp/app@2.5.2 want: ^2.0.2
162 silly fetch manifest ipaddr.js@^2.2.0
163 silly packumentCache full:https://registry.npmjs.org/ipaddr.js cache-miss
164 silly fetch manifest @tinyhttp/forwarded@2.1.2
165 silly packumentCache full:https://registry.npmjs.org/@tinyhttp%2fforwarded cache-miss
166 silly fetch manifest header-range-parser@^1.1.3
167 silly packumentCache full:https://registry.npmjs.org/header-range-parser cache-hit
168 silly fetch manifest @tinyhttp/accepts@2.2.3
169 silly packumentCache full:https://registry.npmjs.org/@tinyhttp%2faccepts cache-miss
170 silly fetch manifest @tinyhttp/type-is@2.2.4
171 silly packumentCache full:https://registry.npmjs.org/@tinyhttp%2ftype-is cache-miss
172 silly fetch manifest @tinyhttp/url@2.1.1
173 silly packumentCache full:https://registry.npmjs.org/@tinyhttp%2furl cache-miss
174 silly fetch manifest es-escape-html@^0.1.1
175 silly packumentCache full:https://registry.npmjs.org/es-escape-html cache-miss
176 silly fetch manifest mime@4.0.4
177 silly packumentCache full:https://registry.npmjs.org/mime cache-miss
178 http fetch GET 200 https://registry.npmjs.org/ipaddr.js 81ms (cache revalidated)
179 silly packumentCache full:https://registry.npmjs.org/ipaddr.js set size:65942 disposed:false
180 silly fetch manifest @tinyhttp/content-disposition@2.2.2
181 silly packumentCache full:https://registry.npmjs.org/@tinyhttp%2fcontent-disposition cache-miss
182 http fetch GET 200 https://registry.npmjs.org/mime 87ms (cache revalidated)
183 silly packumentCache full:https://registry.npmjs.org/mime set size:116750 disposed:false
184 silly fetch manifest @tinyhttp/cookie-signature@2.1.1
185 silly packumentCache full:https://registry.npmjs.org/@tinyhttp%2fcookie-signature cache-miss
186 http fetch GET 200 https://registry.npmjs.org/es-escape-html 764ms (cache revalidated)
187 silly packumentCache full:https://registry.npmjs.org/es-escape-html set size:29006 disposed:false
188 silly fetch manifest @tinyhttp/encode-url@2.1.1
189 silly packumentCache full:https://registry.npmjs.org/@tinyhttp%2fencode-url cache-miss
190 http fetch GET https://registry.npmjs.org/@tinyhttp%2fforwarded attempt 1 failed with 504
191 http fetch GET https://registry.npmjs.org/@tinyhttp%2fcontent-disposition attempt 1 failed with 504
192 http fetch GET 200 https://registry.npmjs.org/@tinyhttp%2fcookie-signature 17926ms (cache updated)
193 silly packumentCache full:https://registry.npmjs.org/@tinyhttp%2fcookie-signature set size:150161 disposed:false
194 silly fetch manifest @tinyhttp/send@2.2.3
195 silly packumentCache full:https://registry.npmjs.org/@tinyhttp%2fsend cache-miss
196 http fetch GET https://registry.npmjs.org/@tinyhttp%2faccepts attempt 1 failed with 504
197 http fetch GET https://registry.npmjs.org/@tinyhttp%2furl attempt 1 failed with 504
198 http fetch GET https://registry.npmjs.org/@tinyhttp%2fencode-url attempt 1 failed with 504
199 http fetch GET https://registry.npmjs.org/@tinyhttp%2fsend attempt 1 failed with 504
200 http fetch GET https://registry.npmjs.org/@tinyhttp%2ftype-is attempt 1 failed with 504
201 http fetch GET 200 https://registry.npmjs.org/@tinyhttp%2furl 41583ms (cache revalidated)
202 silly packumentCache full:https://registry.npmjs.org/@tinyhttp%2furl set size:100452 disposed:false
203 http fetch GET 200 https://registry.npmjs.org/@tinyhttp%2fcontent-disposition 45025ms attempt #2 (cache updated)
204 silly packumentCache full:https://registry.npmjs.org/@tinyhttp%2fcontent-disposition set size:105779 disposed:false
205 http fetch GET https://registry.npmjs.org/@tinyhttp%2fencode-url attempt 2 failed with 504
206 http fetch GET https://registry.npmjs.org/@tinyhttp%2faccepts attempt 2 failed with 504
207 http fetch GET https://registry.npmjs.org/@tinyhttp%2fforwarded attempt 2 failed with 504
208 http fetch GET https://registry.npmjs.org/@tinyhttp%2fsend attempt 2 failed with 504
209 http fetch GET https://registry.npmjs.org/@tinyhttp%2ftype-is attempt 2 failed with 504
210 http fetch GET https://registry.npmjs.org/@tinyhttp%2faccepts attempt 3 failed with 504
211 http fetch GET 504 https://registry.npmjs.org/@tinyhttp%2faccepts 126947ms attempt #3 (cache skip)
212 http fetch GET https://registry.npmjs.org/@tinyhttp%2fforwarded attempt 3 failed with 504
213 http fetch GET 504 https://registry.npmjs.org/@tinyhttp%2fforwarded 132496ms attempt #3 (cache skip)
214 http fetch GET https://registry.npmjs.org/@tinyhttp%2fencode-url attempt 3 failed with 504
215 http fetch GET 504 https://registry.npmjs.org/@tinyhttp%2fencode-url 132045ms attempt #3 (cache skip)
216 http fetch GET 200 https://registry.npmjs.org/@tinyhttp%2fsend 116776ms (cache revalidated)
217 silly packumentCache full:https://registry.npmjs.org/@tinyhttp%2fsend set size:152186 disposed:false
218 http fetch GET https://registry.npmjs.org/@tinyhttp%2ftype-is attempt 3 failed with 504
219 http fetch GET 504 https://registry.npmjs.org/@tinyhttp%2ftype-is 145849ms attempt #3 (cache skip)
220 silly placeDep node_modules/json-server @tinyhttp/vary@0.1.3 OK for: @tinyhttp/cors@2.0.1 want: ^0.1.3
221 silly fetch manifest @tinyhttp/forwarded@2.1.2
222 silly packumentCache full:https://registry.npmjs.org/@tinyhttp%2fforwarded cache-miss
223 http fetch GET https://registry.npmjs.org/@tinyhttp%2fforwarded attempt 1 failed with 504
224 http fetch GET https://registry.npmjs.org/@tinyhttp%2fforwarded attempt 2 failed with 504
225 http fetch GET https://registry.npmjs.org/@tinyhttp%2fforwarded attempt 3 failed with 504
226 http fetch GET 504 https://registry.npmjs.org/@tinyhttp%2fforwarded 116557ms attempt #3 (cache skip)
227 silly placeDep node_modules/json-server/node_modules/@tinyhttp/proxy-addr @tinyhttp/forwarded@ OK for: @tinyhttp/proxy-addr@2.2.1 want: 2.1.2
228 silly placeDep node_modules/json-server ipaddr.js@2.2.0 OK for: @tinyhttp/proxy-addr@2.2.1 want: ^2.2.0
229 silly fetch manifest @tinyhttp/accepts@2.2.3
230 silly packumentCache full:https://registry.npmjs.org/@tinyhttp%2faccepts cache-miss
231 http fetch GET https://registry.npmjs.org/@tinyhttp%2faccepts attempt 1 failed with 504
232 http fetch GET https://registry.npmjs.org/@tinyhttp%2faccepts attempt 2 failed with 504
233 http fetch GET https://registry.npmjs.org/@tinyhttp%2faccepts attempt 3 failed with 504
234 http fetch GET 504 https://registry.npmjs.org/@tinyhttp%2faccepts 118072ms attempt #3 (cache skip)
235 silly fetch manifest @tinyhttp/type-is@2.2.4
236 silly packumentCache full:https://registry.npmjs.org/@tinyhttp%2ftype-is cache-miss
237 http fetch GET 200 https://registry.npmjs.org/@tinyhttp%2ftype-is 13486ms (cache revalidated)
238 silly packumentCache full:https://registry.npmjs.org/@tinyhttp%2ftype-is set size:97620 disposed:false
239 silly placeDep node_modules/json-server/node_modules/@tinyhttp/req @tinyhttp/accepts@ OK for: @tinyhttp/req@2.2.5 want: 2.2.3
240 silly placeDep node_modules/json-server @tinyhttp/type-is@2.2.4 OK for: @tinyhttp/req@2.2.5 want: 2.2.4
241 silly placeDep node_modules/json-server @tinyhttp/url@2.1.1 OK for: @tinyhttp/req@2.2.5 want: 2.1.1
242 silly fetch manifest @tinyhttp/content-type@^0.1.4
243 silly packumentCache full:https://registry.npmjs.org/@tinyhttp%2fcontent-type cache-miss
244 http fetch GET https://registry.npmjs.org/@tinyhttp%2fcontent-type attempt 1 failed with 504
245 http fetch GET 200 https://registry.npmjs.org/@tinyhttp%2fcontent-type 41013ms (cache revalidated)
246 silly packumentCache full:https://registry.npmjs.org/@tinyhttp%2fcontent-type set size:11495 disposed:false
247 silly fetch manifest @tinyhttp/encode-url@2.1.1
248 silly packumentCache full:https://registry.npmjs.org/@tinyhttp%2fencode-url cache-miss
249 http fetch GET https://registry.npmjs.org/@tinyhttp%2fencode-url attempt 1 failed with 504
250 http fetch GET 200 https://registry.npmjs.org/@tinyhttp%2fencode-url 34196ms attempt #2 (cache updated)
251 silly packumentCache full:https://registry.npmjs.org/@tinyhttp%2fencode-url set size:46679 disposed:false
252 silly placeDep node_modules/json-server @tinyhttp/content-disposition@2.2.2 OK for: @tinyhttp/res@2.2.5 want: 2.2.2
253 silly placeDep node_modules/json-server @tinyhttp/cookie-signature@2.1.1 OK for: @tinyhttp/res@2.2.5 want: 2.1.1
254 silly placeDep node_modules/json-server @tinyhttp/encode-url@2.1.1 OK for: @tinyhttp/res@2.2.5 want: 2.1.1
255 silly placeDep node_modules/json-server @tinyhttp/send@2.2.3 OK for: @tinyhttp/res@2.2.5 want: 2.2.3
256 silly placeDep node_modules/json-server es-escape-html@0.1.1 OK for: @tinyhttp/res@2.2.5 want: ^0.1.1
257 silly placeDep node_modules/json-server mime@4.0.4 OK for: @tinyhttp/res@2.2.5 want: 4.0.4
258 silly fetch manifest @tinyhttp/etag@2.1.2
259 silly packumentCache full:https://registry.npmjs.org/@tinyhttp%2fetag cache-miss
260 http fetch GET https://registry.npmjs.org/@tinyhttp%2fetag attempt 1 failed with 504
